TN:
SF:script/PropertyEscrow.s.sol
DA:15,1
FN:15,DeployPropertyEscrow.run
FNDA:1,DeployPropertyEscrow.run
DA:16,1
DA:17,1
DA:19,1
DA:21,1
DA:22,1
DA:23,1
DA:24,1
DA:25,1
DA:26,1
DA:28,1
FNF:1
FNH:1
LF:11
LH:11
BRF:0
BRH:0
end_of_record
TN:
SF:src/PropertyEscrow.sol
DA:107,80
FN:107,PropertyEscrow.constructor
FNDA:80,PropertyEscrow.constructor
DA:108,0
DA:111,78
FN:111,PropertyEscrow.initialize
FNDA:78,PropertyEscrow.initialize
DA:112,78
DA:113,0
DA:115,78
BRDA:115,0,0,-
DA:117,78
DA:118,78
DA:121,1
FN:121,PropertyEscrow._authorizeUpgrade
FNDA:1,PropertyEscrow._authorizeUpgrade
DA:123,27389
FN:123,PropertyEscrow.onlyBuyer
FNDA:27389,PropertyEscrow.onlyBuyer
DA:124,27389
BRDA:124,1,0,1
DA:128,54614
FN:128,PropertyEscrow.onlyInspector
FNDA:54614,PropertyEscrow.onlyInspector
DA:129,54614
BRDA:129,2,0,1
DA:130,1
DA:135,54448
FN:135,PropertyEscrow.inState
FNDA:54448,PropertyEscrow.inState
DA:136,54448
BRDA:136,3,0,41893
DA:137,41893
DA:142,27388
FN:142,PropertyEscrow.agreementExists
FNDA:27388,PropertyEscrow.agreementExists
DA:143,27388
BRDA:143,4,0,-
DA:147,38295
FN:147,PropertyEscrow._getApprovalsCount
FNDA:38295,PropertyEscrow._getApprovalsCount
DA:148,38295
DA:151,4
FN:151,PropertyEscrow.pause
FNDA:4,PropertyEscrow.pause
DA:152,0
DA:155,0
FN:155,PropertyEscrow.unpause
FNDA:0,PropertyEscrow.unpause
DA:156,0
DA:168,55619
FN:168,PropertyEscrow.createAgreement
FNDA:55619,PropertyEscrow.createAgreement
DA:177,55619
BRDA:177,5,0,4
DA:178,55615
BRDA:178,6,0,2
DA:179,55613
BRDA:179,7,0,1
DA:180,1
DA:184,55612
DA:186,55612
BRDA:186,8,0,2
DA:187,2
DA:190,55610
BRDA:190,9,0,1
DA:192,55609
BRDA:192,10,0,2
DA:193,2
DA:197,55607
DA:199,55607
DA:200,55607
DA:201,55607
DA:202,55607
DA:203,55607
DA:204,55607
DA:205,55607
DA:206,55607
DA:207,55607
DA:209,0
DA:210,55607
DA:211,111205
DA:213,111205
BRDA:213,11,0,1
DA:215,111204
DA:216,111204
DA:228,111204
DA:231,55606
DA:232,55606
DA:234,0
DA:241,26792
FN:241,PropertyEscrow.depositFunds
FNDA:26792,PropertyEscrow.depositFunds
DA:249,26790
DA:250,26790
DA:251,26790
DA:253,26790
DA:254,26790
DA:255,26790
DA:257,26790
DA:259,26790
BRDA:259,12,0,49
DA:260,49
DA:261,49
DA:264,26790
DA:272,28166
FN:272,PropertyEscrow.approveMilestone
FNDA:28166,PropertyEscrow.approveMilestone
DA:273,28166
DA:274,28166
BRDA:274,13,0,15171
DA:275,15171
DA:277,12995
BRDA:277,14,0,-
DA:279,12995
DA:281,1
BRDA:281,15,0,1
DA:283,12994
BRDA:283,16,0,12964
BRDA:283,16,1,-
DA:284,2650
BRDA:284,17,0,2650
DA:285,10314
DA:286,30
BRDA:286,18,0,15
BRDA:286,18,1,-
DA:287,1
BRDA:287,19,0,1
DA:288,14
DA:289,15
BRDA:289,20,0,2650
BRDA:289,20,1,-
DA:290,2650
BRDA:290,21,0,2650
DA:291,13
DA:293,2
DA:295,10314
DA:303,27118
FN:303,PropertyEscrow.releaseFunds
FNDA:27118,PropertyEscrow.releaseFunds
DA:304,27118
DA:306,27118
BRDA:306,22,0,1
DA:307,1
DA:309,27117
BRDA:309,23,0,1
DA:310,27116
BRDA:310,24,0,14526
DA:311,14526
DA:314,12590
DA:316,1
BRDA:316,25,0,1
DA:318,12589
BRDA:318,26,0,12576
DA:320,13
DA:322,13
DA:324,13
DA:325,13
DA:327,13
BRDA:327,27,0,3
DA:328,3
DA:330,3
BRDA:330,28,0,3
DA:331,3
DA:332,3
DA:333,3
DA:335,3
DA:338,13
DA:340,13
DA:347,27388
FN:347,PropertyEscrow.refundFunds
FNDA:27388,PropertyEscrow.refundFunds
DA:353,27388
DA:355,27388
BRDA:355,29,0,14578
DA:356,14578
DA:358,12810
BRDA:358,30,0,264
DA:360,12546
DA:361,12546
DA:362,12546
DA:364,12546
DA:366,12546
DA:367,25092
DA:369,25092
BRDA:369,31,0,25088
BRDA:369,31,1,4
DA:370,25088
DA:371,25088
DA:373,4
DA:374,4
DA:378,25088
DA:382,12546
BRDA:382,32,0,1
DA:384,12545
BRDA:384,33,0,12545
DA:385,12545
DA:387,12545
DA:388,12545
DA:390,12545
DA:391,12545
DA:393,12545
BRDA:393,34,0,2
DA:394,2
DA:396,2
DA:399,12545
DA:401,12545
BRDA:401,35,0,12543
DA:402,12543
DA:405,12545
DA:407,12545
DA:414,54448
FN:414,PropertyEscrow.openDispute
FNDA:54448,PropertyEscrow.openDispute
DA:415,12555
DA:417,12555
BRDA:417,36,0,1
DA:418,1
DA:420,12554
BRDA:420,37,0,11941
DA:422,613
DA:423,613
DA:425,613
DA:434,54613
FN:434,PropertyEscrow.resolveDispute
FNDA:54613,PropertyEscrow.resolveDispute
DA:440,306
DA:442,306
DA:444,306
DA:445,306
DA:446,306
DA:448,306
DA:449,612
DA:451,612
BRDA:451,38,0,1
DA:452,1
DA:453,1
DA:456,612
DA:460,306
BRDA:460,39,0,1
DA:461,1
DA:464,305
BRDA:464,40,0,1
DA:465,1
DA:468,304
DA:469,304
DA:470,304
DA:472,304
BRDA:472,41,0,304
DA:473,304
DA:474,304
DA:477,304
BRDA:477,42,0,304
DA:478,304
DA:480,304
BRDA:480,43,0,301
DA:481,301
DA:484,304
DA:493,5
FN:493,PropertyEscrow.executeDisputeTimeout
FNDA:5,PropertyEscrow.executeDisputeTimeout
DA:494,5
DA:496,5
BRDA:496,44,0,1
DA:497,1
DA:499,4
BRDA:499,45,0,1
DA:500,3
BRDA:500,46,0,1
DA:501,1
DA:505,2
DA:506,2
DA:508,2
DA:509,2
DA:510,2
DA:512,2
DA:513,4
DA:515,4
BRDA:515,47,0,3
DA:516,3
BRDA:516,48,0,2
BRDA:516,48,1,1
DA:517,2
DA:518,2
DA:520,1
DA:524,4
DA:528,2
DA:530,2
BRDA:530,49,0,1
BRDA:530,49,1,1
DA:531,1
DA:534,1
DA:537,2
DA:538,2
BRDA:538,50,0,2
DA:539,2
DA:542,2
DA:552,8
FN:552,PropertyEscrow.extendDeadline
FNDA:8,PropertyEscrow.extendDeadline
DA:553,8
DA:555,8
BRDA:555,51,0,1
DA:556,1
DA:558,7
BRDA:558,52,0,1
DA:559,1
DA:561,6
DA:563,6
BRDA:563,53,0,1
DA:564,1
DA:567,5
BRDA:567,54,0,1
DA:568,1
DA:571,4
BRDA:571,55,0,2
BRDA:571,55,1,2
DA:572,2
DA:573,2
BRDA:573,56,0,2
DA:574,2
DA:577,4
BRDA:577,57,0,1
DA:578,1
DA:580,1
DA:581,1
DA:583,1
DA:590,3
FN:590,PropertyEscrow.cancelAgreement
FNDA:3,PropertyEscrow.cancelAgreement
DA:591,2
DA:594,2
BRDA:594,58,0,1
DA:595,1
DA:599,1
DA:601,1
DA:609,5
FN:609,PropertyEscrow.changeInspector
FNDA:5,PropertyEscrow.changeInspector
DA:614,5
DA:615,5
BRDA:615,59,0,1
DA:616,4
BRDA:616,60,0,1
DA:617,3
BRDA:617,61,0,2
DA:618,2
DA:621,1
DA:628,3
FN:628,PropertyEscrow.updateProtocolFee
FNDA:3,PropertyEscrow.updateProtocolFee
DA:629,3
BRDA:629,62,0,1
DA:630,2
BRDA:630,63,0,1
DA:632,1
FNF:22
FNH:21
LF:241
LH:234
BRF:71
BRH:65
end_of_record
TN:
SF:test/PropertyEscrow/Handler.sol
DA:24,3
FN:24,Handler.constructor
FNDA:3,Handler.constructor
DA:25,3
DA:26,3
DA:27,3
DA:28,3
DA:29,3
DA:31,3
DA:32,3
DA:33,3
DA:36,55548
FN:36,Handler.createAgreement_Handler
FNDA:55548,Handler.createAgreement_Handler
DA:37,55548
DA:39,55548
DA:41,55548
DA:42,55548
DA:50,55548
DA:59,55548
DA:60,55548
BRDA:60,0,0,55548
DA:61,55548
DA:62,55548
DA:63,55548
DA:64,55548
DA:68,54573
FN:68,Handler.depositFunds_Handler
FNDA:54573,Handler.depositFunds_Handler
DA:69,54573
BRDA:69,1,0,750
DA:70,53823
DA:72,27083
BRDA:72,2,0,27083
DA:74,26740
DA:76,26740
DA:77,26740
BRDA:77,3,0,26740
DA:78,26740
DA:79,26740
DA:80,26740
DA:84,55791
FN:84,Handler.approveMilestone_Handler
FNDA:55791,Handler.approveMilestone_Handler
DA:85,55791
BRDA:85,4,0,738
DA:86,55053
DA:88,55053
BRDA:88,5,0,26936
DA:90,28117
DA:92,28117
DA:93,28117
BRDA:93,6,0,28117
DA:96,54705
FN:96,Handler.releaseFunds_Handler
FNDA:54705,Handler.releaseFunds_Handler
DA:97,54705
BRDA:97,7,0,660
DA:98,54045
DA:100,54045
BRDA:100,8,0,26945
DA:102,27100
DA:104,27100
DA:106,27100
DA:107,27100
DA:108,27100
DA:110,27100
DA:111,27100
BRDA:111,9,0,27100
DA:112,0
DA:113,0
DA:114,0
DA:118,54273
FN:118,Handler.refundFunds_handler
FNDA:54273,Handler.refundFunds_handler
DA:119,54273
BRDA:119,10,0,711
DA:120,53562
DA:122,53562
DA:123,53562
DA:125,53562
DA:126,53562
DA:127,53562
DA:129,53562
BRDA:129,11,0,26180
DA:131,27382
DA:132,27382
BRDA:132,12,0,27382
DA:133,12542
DA:134,12542
DA:135,12542
DA:139,55239
FN:139,Handler.openDispute_Handler
FNDA:55239,Handler.openDispute_Handler
DA:140,55239
BRDA:140,13,0,801
DA:141,54438
DA:143,54438
DA:145,54438
DA:146,54438
BRDA:146,14,0,54438
DA:149,55371
FN:149,Handler.resolveDispute_Handler
FNDA:55371,Handler.resolveDispute_Handler
DA:150,55371
BRDA:150,15,0,762
DA:151,54609
DA:153,54609
DA:154,54609
DA:155,54609
DA:157,54609
DA:158,54609
DA:159,54609
DA:161,54609
DA:162,54609
BRDA:162,16,0,54609
DA:163,303
DA:164,303
DA:165,303
FNF:8
FNH:8
LF:86
LH:83
BRF:17
BRH:17
end_of_record
TN:
SF:test/PropertyEscrow/P_BaseTest.t.sol
DA:22,74
FN:22,PropertyEscrowBaseTest.setUp
FNDA:74,PropertyEscrowBaseTest.setUp
DA:23,74
DA:24,74
DA:25,74
DA:31,74
DA:32,74
DA:34,74
DA:35,74
DA:36,74
DA:41,66
FN:41,PropertyEscrowBaseTest._createMilestones
FNDA:66,PropertyEscrowBaseTest._createMilestones
DA:46,66
DA:48,66
DA:49,130
DA:50,130
DA:52,0
DA:55,6
FN:55,PropertyEscrowBaseTest._createAgreementOnly
FNDA:6,PropertyEscrowBaseTest._createAgreementOnly
DA:64,6
DA:66,6
DA:67,6
DA:69,6
DA:73,49
FN:73,PropertyEscrowBaseTest._createAndFundAgreement
FNDA:49,PropertyEscrowBaseTest._createAndFundAgreement
DA:82,49
DA:84,49
DA:85,49
DA:87,49
DA:88,49
DA:89,49
DA:93,43
FN:93,PropertyEscrowBaseTest._approveFrom
FNDA:43,PropertyEscrowBaseTest._approveFrom
DA:94,43
DA:95,43
DA:99,7
FN:99,PropertyEscrowBaseTest._getState
FNDA:7,PropertyEscrowBaseTest._getState
DA:100,7
DA:101,7
DA:105,4
FN:105,PropertyEscrowBaseTest._getAgrTotalAmount
FNDA:4,PropertyEscrowBaseTest._getAgrTotalAmount
DA:106,4
DA:108,4
DA:111,6
FN:111,PropertyEscrowBaseTest.givenFundedAgreement
FNDA:6,PropertyEscrowBaseTest.givenFundedAgreement
DA:112,6
DA:117,1
FN:117,PropertyEscrowBaseTest.givenDisputedAgreement
FNDA:1,PropertyEscrowBaseTest.givenDisputedAgreement
DA:118,1
DA:120,1
DA:121,1
FNF:9
FNH:9
LF:42
LH:41
BRF:0
BRH:0
end_of_record
TN:
SF:test/mock/MockUSDC.sol
DA:13,77
FN:13,MockUSDC.mint
FNDA:77,MockUSDC.mint
DA:14,77
FNF:1
FNH:1
LF:2
LH:2
BRF:0
BRH:0
end_of_record
